#
# There is insufficient memory for the Java Runtime Environment to continue.
# Native memory allocation (malloc) failed to allocate 1901776 bytes for Chunk::new
# Possible reasons:
#   The system is out of physical RAM or swap space
#   The process is running with CompressedOops enabled, and the Java Heap may be blocking the growth of the native heap
# Possible solutions:
#   Reduce memory load on the system
#   Increase physical memory or swap space
#   Check if swap backing store is full
#   Decrease Java heap size (-Xmx/-Xms)
#   Decrease number of Java threads
#   Decrease Java thread stack sizes (-Xss)
#   Set larger code cache with -XX:ReservedCodeCacheSize=
#   JVM is running with Zero Based Compressed Oops mode in which the Java heap is
#     placed in the first 32GB address space. The Java Heap base address is the
#     maximum limit for the native heap growth. Please use -XX:HeapBaseMinAddress
#     to set the Java Heap base and to place the Java Heap above 32GB virtual address.
# This output file may be truncated or incomplete.
#
#  Out of Memory Error (arena.cpp:189), pid=21400, tid=20848
#
# JRE version: OpenJDK Runtime Environment (17.0.1+12) (build 17.0.1+12-39)
# Java VM: OpenJDK 64-Bit Server VM (17.0.1+12-39, mixed mode, sharing, tiered, compressed oops, compressed class ptrs, g1 gc, windows-amd64)
# No core dump will be written. Minidumps are not enabled by default on client versions of Windows
#

---------------  S U M M A R Y ------------

Command Line: -ea -Didea.test.cyclic.buffer.size=1048576 -Dsocket.server.port=33833 -javaagent:C:\Program Files\JetBrains\IntelliJ IDEA 2021.2.3\lib\idea_rt.jar=63393:C:\Program Files\JetBrains\IntelliJ IDEA 2021.2.3\bin -Dfile.encoding=UTF-8 com.intellij.rt.junit.JUnitStarter -ideVersion5 -junit5 tn.esprit.spring.kaddem.UniversiteServiceImplMockTest

Host: Intel(R) Core(TM) i7-10750H CPU @ 2.60GHz, 12 cores, 15G,  Windows 10 , 64 bit Build 22000 (10.0.22000.2538)
Time: Fri Oct 11 04:10:24 2024 Paris, Madrid (heure duild 22000 (10.0.22000.2538) elapsed time: 0.912885 seconds (0d 0h 0m 0s)

---------------  T H R E A D  ---------------

Current thread (0x000002478aa81360):  JavaThread "C2 CompilerThread1" daemon [_thread_in_native, id=20848, stack(0x0000005855a00000,0x0000005855b00000)]


Current CompileTask:
C2:    912 1227       4       jdk.internal.org.objectweb.asm.Frame::execute (2305 bytes)

Stack: [0x0000005855a00000,0x0000005855b00000]
Native frames: (J=compiled Java code, j=interpreted, Vv=VM code, C=native code)
V  [jvm.dll+0x66fa1a]
V  [jvm.dll+0x7ce5a4]
V  [jvm.dll+0x7cfd4e]
V  [jvm.dll+0x7d03b3]
V  [jvm.dll+0x242b05]
V  [jvm.dll+0xaa05b]
V  [jvm.dll+0xaa5ec]
V  [jvm.dll+0x35f9b2]
V  [jvm.dll+0x329f51]
V  [jvm.dll+0x3293fa]
V  [jvm.dll+0x215bf1]
V  [jvm.dll+0x215011]
V  [jvm.dll+0x1a168d]
V  [jvm.dll+0x224848]
V  [jvm.dll+0x2229ac]
V  [jvm.dll+0x78435b]
V  [jvm.dll+0x77e91a]
V  [jvm.dll+0x66e845]
C  [ucrtbase.dll+0x26c0c]
C  [KERNEL32.DLL+0x153e0]
C  [ntdll.dll+0x485b]


---------------  P R O C E S S  ---------------

Threads class SMR info:
_java_thread_list=0x000002478aa94e60, length=14, elements={
0x00000247e6264d20, 0x00000247ff3e9aa0, 0x00000247ff3eb660, 0x00000247ff3fcad0,
0x00000247ff3fd390, 0x00000247ff3fed50, 0x00000247ff3ff700, 0x00000247ff4024a0,
0x00000247ff406440, 0x00000247ff408150, 0x00000247ff3d4250, 0x000002478a9f98b0,
0x000002478a9f9d80, 0x000002478aa81360
}

Java Threads: ( => current thread )
  0x00000247e6264d20 JavaThread "main" [_thread_in_vm, id=16960, stack(0x0000005854600000,0x0000005854700000)]
  0x00000247ff3e9aa0 JavaThread "Reference Handler" daemon [_thread_blocked, id=17432, stack(0x0000005854d00000,0x0000005854e00000)]
  0x00000247ff3eb660 JavaThread "Finalizer" daemon [_thread_blocked, id=12464, stack(0x0000005854e00000,0x0000005854f00000)]
  0x00000247ff3fcad0 JavaThread "Signal Dispatcher" daemon [_thread_blocked, id=20824, stack(0x0000005854f00000,0x0000005855000000)]
  0x00000247ff3fd390 JavaThread "Attach Listener" daemon [_thread_blocked, id=16196, stack(0x0000005855000000,0x0000005855100000)]
  0x00000247ff3fed50 JavaThread "Service Thread" daemon [_thread_blocked, id=17320, stack(0x0000005855100000,0x0000005855200000)]
  0x00000247ff3ff700 JavaThread "Monitor Deflation Thread" daemon [_thread_blocked, id=17336, stack(0x0000005855200000,0x0000005855300000)]
  0x00000247ff4024a0 JavaThread "C2 CompilerThread0" daemon [_thread_in_native, id=17464, stack(0x0000005855300000,0x0000005855400000)]
  0x00000247ff406440 JavaThread "C1 CompilerThread0" daemon [_thread_blocked, id=22136, stack(0x0000005855400000,0x0000005855500000)]
  0x00000247ff408150 JavaThread "Sweeper thread" daemon [_thread_blocked, id=14840, stack(0x0000005855500000,0x0000005855600000)]
  0x00000247ff3d4250 JavaThread "Common-Cleaner" daemon [_thread_blocked, id=19652, stack(0x0000005855600000,0x0000005855700000)]
  0x000002478a9f98b0 JavaThread "Monitor Ctrl-Break" daemon [_thread_in_native, id=12372, stack(0x0000005855700000,0x0000005855800000)]
  0x000002478a9f9d80 JavaThread "Notification Thread" daemon [_thread_blocked, id=17080, stack(0x0000005855800000,0x0000005855900000)]
=>0x000002478aa81360 JavaThread "C2 CompilerThread1" daemon [_thread_in_native, id=20848, stack(0x0000005855a00000,0x0000005855b00000)]

Other Threads:
  0x00000247ff3e3ea0 VMThread "VM Thread" [stack: 0x0000005854c00000,0x0000005854d00000] [id=20536]
  0x00000247e62dd7b0 WatcherThread [stack: 0x0000005855900000,0x0000005855a00000] [id=18512]
  0x00000247e62b6590 GCTaskThread "GC Thread#0" [stack: 0x0000005854700000,0x0000005854800000] [id=8044]
  0x000002478b430820 GCTaskThread "GC Thread#1" [stack: 0x0000005855b00000,0x0000005855c00000] [id=17416]
  0x000002478b430ad0 GCTaskThread "GC Thread#2" [stack: 0x0000005855c00000,0x0000005855d00000] [id=14856]
  0x000002478b430d80 GCTaskThread "GC Thread#3" [stack: 0x0000005855d00000,0x0000005855e00000] [id=16172]
  0x000002478b431240 GCTaskThread "GC Thread#4" [stack: 0x0000005855e00000,0x0000005855f00000] [id=10912]
  0x000002478aff8120 GCTaskThread "GC Thread#5" [stack: 0x0000005855f00000,0x0000005856000000] [id=12892]
  0x00000247e62c7160 ConcurrentGCThread "G1 Main Marker" [stack: 0x0000005854800000,0x0000005854900000] [id=10164]
  0x00000247e62c7b70 ConcurrentGCThread "G1 Conc#0" [stack: 0x0000005854900000,0x0000005854a00000] [id=22124]
  0x00000247ff2a30e0 ConcurrentGCThread "G1 Refine#0" [stack: 0x0000005854a00000,0x0000005854b00000] [id=16468]
  0x00000247ff2a4b10 ConcurrentGCThread "G1 Service" [stack: 0x0000005854b00000,0x0000005854c00000] [id=10808]

Threads with active compile tasks:
C2 CompilerThread0      933 1418       4       java.util.HashMap::put (13 bytes)
C2 CompilerThread1      933 1227       4       jdk.internal.org.objectweb.asm.Frame::execute (2305 bytes)

VM state: not at safepoint (normal execution)

VM Mutex/Monitor currently owned by a thread: None

Heap address: 0x0000000703600000, size: 4042 MB, Compressed Oops mode: Zero based, Oop shift amount: 3

CDS archive(s) mapped at: [0x0000000800000000-0x0000000800bc0000-0x0000000800bc0000), size 12320768, SharedBaseAddress: 0x0000000800000000, ArchiveRelocationMode: 0.
Compressed class space mapped at: 0x0000000800c00000-0x0000000840c00000, reserved size: 1073741824
Narrow klass base: 0x0000000800000000, Narrow klass shift: 0, Narrow klass range: 0x100000000

GC Precious Log:
 CPUs: 12 total, 12 available
 Memory: 16160M
 Large Page Support: Disabled
 NUMA Support: Disabled
 Compressed Oops: Enabled (Zero based)
 Heap Region Size: 2M
 Heap Min Capacity: 8M
 Heap Initial Capacity: 254M
 Heap Max Capacity: 4042M
 Pre-touch: Disabled
 Parallel Workers: 10
 Concurrent Workers: 3
 Concurrent Refinement Workers: 10
 Periodic GC: Disabled

Heap:
 garbage-first heap   total 260096K, used 20714K [0x0000000703600000, 0x0000000800000000)
  region size 2048K, 10 young (20480K), 2 survivors (4096K)
 Metaspace       used 8112K, committed 8256K, reserved 1064960K
  class space    used 1222K, committed 1280K, reserved 1048576K

Heap Regions: E=young(eden), S=young(survivor), O=old, HS=humongous(starts), HC=humongous(continues), CS=collection set, F=free, OA=open archive, CA=closed archive, TAMS=top-at-mark-start (previous, next)
|   0|0x0000000703600000, 0x0000000703800000, 0x0000000703800000|100%| O|  |TAMS 0x0000000703600000, 0x0000000703600000| Untracked 
|   1|0x0000000703800000, 0x000000070383a800, 0x0000000703a00000| 11%| O|  |TAMS 0x0000000703800000, 0x0000000703800000| Untracked 
|   2|0x0000000703a00000, 0x0000000703a00000, 0x0000000703c00000|  0%| F|  |TAMS 0x0000000703a00000, 0x0000000703a00000| Untracked 
|   3|0x0000000703c00000, 0x0000000703c00000, 0x0000000703e00000|  0%| F|  |TAMS 0x0000000703c00000, 0x0000000703c00000| Untracked 
|   4|0x0000000703e00000, 0x0000000703e00000, 0x0000000704000000|  0%| F|  |TAMS 0x0000000703e00000, 0x0000000703e00000| Untracked 
|   5|0x0000000704000000, 0x0000000704000000, 0x0000000704200000|  0%| F|  |TAMS 0x0000000704000000, 0x0000000704000000| Untracked 
|   6|0x0000000704200000, 0x0000000704200000, 0x0000000704400000|  0%| F|  |TAMS 0x0000000704200000, 0x0000000704200000| Untracked 
|   7|0x0000000704400000, 0x0000000704400000, 0x0000000704600000|  0%| F|  |TAMS 0x0000000704400000, 0x0000000704400000| Untracked 
|   8|0x0000000704600000, 0x0000000704600000, 0x0000000704800000|  0%| F|  |TAMS 0x0000000704600000, 0x0000000704600000| Untracked 
|   9|0x0000000704800000, 0x0000000704800000, 0x0000000704a00000|  0%| F|  |TAMS 0x0000000704800000, 0x0000000704800000| Untracked 
|  10|0x0000000704a00000, 0x0000000704a00000, 0x0000000704c00000|  0%| F|  |TAMS 0x0000000704a00000, 0x0000000704a00000| Untracked 
|  11|0x0000000704c00000, 0x0000000704c00000, 0x0000000704e00000|  0%| F|  |TAMS 0x0000000704c00000, 0x0000000704c00000| Untracked 
|  12|0x0000000704e00000, 0x0000000704e00000, 0x0000000705000000|  0%| F|  |TAMS 0x0000000704e00000, 0x0000000704e00000| Untracked 
|  13|0x0000000705000000, 0x0000000705000000, 0x0000000705200000|  0%| F|  |TAMS 0x0000000705000000, 0x0000000705000000| Untracked 
|  14|0x0000000705200000, 0x0000000705200000, 0x0000000705400000|  0%| F|  |TAMS 0x0000000705200000, 0x0000000705200000| Untracked 
|  15|0x0000000705400000, 0x0000000705400000, 0x0000000705600000|  0%| F|  |TAMS 0x0000000705400000, 0x0000000705400000| Untracked 
|  16|0x0000000705600000, 0x0000000705600000, 0x0000000705800000|  0%| F|  |TAMS 0x0000000705600000, 0x0000000705600000| Untracked 
|  17|0x0000000705800000, 0x0000000705800000, 0x0000000705a00000|  0%| F|  |TAMS 0x0000000705800000, 0x0000000705800000| Untracked 
|  18|0x0000000705a00000, 0x0000000705a00000, 0x0000000705c00000|  0%| F|  |TAMS 0x0000000705a00000, 0x0000000705a00000| Untracked 
|  19|0x0000000705c00000, 0x0000000705c00000, 0x0000000705e00000|  0%| F|  |TAMS 0x0000000705c00000, 0x0000000705c00000| Untracked 
|  20|0x0000000705e00000, 0x0000000705e00000, 0x0000000706000000|  0%| F|  |TAMS 0x0000000705e00000, 0x0000000705e00000| Untracked 
|  21|0x0000000706000000, 0x0000000706000000, 0x0000000706200000|  0%| F|  |TAMS 0x0000000706000000, 0x0000000706000000| Untracked 
|  22|0x0000000706200000, 0x0000000706200000, 0x0000000706400000|  0%| F|  |TAMS 0x0000000706200000, 0x0000000706200000| Untracked 
|  23|0x0000000706400000, 0x0000000706400000, 0x0000000706600000|  0%| F|  |TAMS 0x0000000706400000, 0x0000000706400000| Untracked 
|  24|0x0000000706600000, 0x0000000706600000, 0x0000000706800000|  0%| F|  |TAMS 0x0000000706600000, 0x0000000706600000| Untracked 
|  25|0x0000000706800000, 0x0000000706800000, 0x0000000706a00000|  0%| F|  |TAMS 0x0000000706800000, 0x0000000706800000| Untracked 
|  26|0x0000000706a00000, 0x0000000706a00000, 0x0000000706c00000|  0%| F|  |TAMS 0x0000000706a00000, 0x0000000706a00000| Untracked 
|  27|0x0000000706c00000, 0x0000000706c00000, 0x0000000706e00000|  0%| F|  |TAMS 0x0000000706c00000, 0x0000000706c00000| Untracked 
|  28|0x0000000706e00000, 0x0000000706e00000, 0x0000000707000000|  0%| F|  |TAMS 0x0000000706e00000, 0x0000000706e00000| Untracked 
|  29|0x0000000707000000, 0x0000000707000000, 0x0000000707200000|  0%| F|  |TAMS 0x0000000707000000, 0x0000000707000000| Untracked 
|  30|0x0000000707200000, 0x0000000707200000, 0x0000000707400000|  0%| F|  |TAMS 0x0000000707200000, 0x0000000707200000| Untracked 
|  31|0x0000000707400000, 0x0000000707400000, 0x0000000707600000|  0%| F|  |TAMS 0x0000000707400000, 0x0000000707400000| Untracked 
|  32|0x0000000707600000, 0x0000000707600000, 0x0000000707800000|  0%| F|  |TAMS 0x0000000707600000, 0x0000000707600000| Untracked 
|  33|0x0000000707800000, 0x0000000707800000, 0x0000000707a00000|  0%| F|  |TAMS 0x0000000707800000, 0x0000000707800000| Untracked 
|  34|0x0000000707a00000, 0x0000000707a00000, 0x0000000707c00000|  0%| F|  |TAMS 0x0000000707a00000, 0x0000000707a00000| Untracked 
|  35|0x0000000707c00000, 0x0000000707c00000, 0x0000000707e00000|  0%| F|  |TAMS 0x0000000707c00000, 0x0000000707c00000| Untracked 
|  36|0x0000000707e00000, 0x0000000707e00000, 0x0000000708000000|  0%| F|  |TAMS 0x0000000707e00000, 0x0000000707e00000| Untracked 
|  37|0x0000000708000000, 0x0000000708000000, 0x0000000708200000|  0%| F|  |TAMS 0x0000000708000000, 0x0000000708000000| Untracked 
|  38|0x0000000708200000, 0x0000000708200000, 0x0000000708400000|  0%| F|  |TAMS 0x0000000708200000, 0x0000000708200000| Untracked 
|  39|0x0000000708400000, 0x0000000708400000, 0x0000000708600000|  0%| F|  |TAMS 0x0000000708400000, 0x0000000708400000| Untracked 
|  40|0x0000000708600000, 0x0000000708600000, 0x0000000708800000|  0%| F|  |TAMS 0x0000000708600000, 0x0000000708600000| Untracked 
|  41|0x0000000708800000, 0x0000000708800000, 0x0000000708a00000|  0%| F|  |TAMS 0x0000000708800000, 0x0000000708800000| Untracked 
|  42|0x0000000708a00000, 0x0000000708a00000, 0x0000000708c00000|  0%| F|  |TAMS 0x0000000708a00000, 0x0000000708a00000| Untracked 
|  43|0x0000000708c00000, 0x0000000708c00000, 0x0000000708e00000|  0%| F|  |TAMS 0x0000000708c00000, 0x0000000708c00000| Untracked 
|  44|0x0000000708e00000, 0x0000000708e00000, 0x0000000709000000|  0%| F|  |TAMS 0x0000000708e00000, 0x0000000708e00000| Untracked 
|  45|0x0000000709000000, 0x0000000709000000, 0x0000000709200000|  0%| F|  |TAMS 0x0000000709000000, 0x0000000709000000| Untracked 
|  46|0x0000000709200000, 0x0000000709200000, 0x0000000709400000|  0%| F|  |TAMS 0x0000000709200000, 0x0000000709200000| Untracked 
|  47|0x0000000709400000, 0x0000000709400000, 0x0000000709600000|  0%| F|  |TAMS 0x0000000709400000, 0x0000000709400000| Untracked 
|  48|0x0000000709600000, 0x0000000709600000, 0x0000000709800000|  0%| F|  |TAMS 0x0000000709600000, 0x0000000709600000| Untracked 
|  49|0x0000000709800000, 0x0000000709800000, 0x0000000709a00000|  0%| F|  |TAMS 0x0000000709800000, 0x0000000709800000| Untracked 
|  50|0x0000000709a00000, 0x0000000709a00000, 0x0000000709c00000|  0%| F|  |TAMS 0x0000000709a00000, 0x0000000709a00000| Untracked 
|  51|0x0000000709c00000, 0x0000000709c00000, 0x0000000709e00000|  0%| F|  |TAMS 0x0000000709c00000, 0x0000000709c00000| Untracked 
|  52|0x0000000709e00000, 0x0000000709e00000, 0x000000070a000000|  0%| F|  |TAMS 0x0000000709e00000, 0x0000000709e00000| Untracked 
|  53|0x000000070a000000, 0x000000070a000000, 0x000000070a200000|  0%| F|  |TAMS 0x000000070a000000, 0x000000070a000000| Untracked 
|  54|0x000000070a200000, 0x000000070a200000, 0x000000070a400000|  0%| F|  |TAMS 0x000000070a200000, 0x000000070a200000| Untracked 
|  55|0x000000070a400000, 0x000000070a400000, 0x000000070a600000|  0%| F|  |TAMS 0x000000070a400000, 0x000000070a400000| Untracked 
|  56|0x000000070a600000, 0x000000070a600000, 0x000000070a800000|  0%| F|  |TAMS 0x000000070a600000, 0x000000070a600000| Untracked 
|  57|0x000000070a800000, 0x000000070a800000, 0x000000070aa00000|  0%| F|  |TAMS 0x000000070a800000, 0x000000070a800000| Untracked 
|  58|0x000000070aa00000, 0x000000070aa00000, 0x000000070ac00000|  0%| F|  |TAMS 0x000000070aa00000, 0x000000070aa00000| Untracked 
|  59|0x000000070ac00000, 0x000000070ac00000, 0x000000070ae00000|  0%| F|  |TAMS 0x000000070ac00000, 0x000000070ac00000| Untracked 
|  60|0x000000070ae00000, 0x000000070ae00000, 0x000000070b000000|  0%| F|  |TAMS 0x000000070ae00000, 0x000000070ae00000| Untracked 
|  61|0x000000070b000000, 0x000000070b000000, 0x000000070b200000|  0%| F|  |TAMS 0x000000070b000000, 0x000000070b000000| Untracked 
|  62|0x000000070b200000, 0x000000070b200000, 0x000000070b400000|  0%| F|  |TAMS 0x000000070b200000, 0x000000070b200000| Untracked 
|  63|0x000000070b400000, 0x000000070b400000, 0x000000070b600000|  0%| F|  |TAMS 0x000000070b400000, 0x000000070b400000| Untracked 
|  64|0x000000070b600000, 0x000000070b600000, 0x000000070b800000|  0%| F|  |TAMS 0x000000070b600000, 0x000000070b600000| Untracked 
|  65|0x000000070b800000, 0x000000070b800000, 0x000000070ba00000|  0%| F|  |TAMS 0x000000070b800000, 0x000000070b800000| Untracked 
|  66|0x000000070ba00000, 0x000000070ba00000, 0x000000070bc00000|  0%| F|  |TAMS 0x000000070ba00000, 0x000000070ba00000| Untracked 
|  67|0x000000070bc00000, 0x000000070bc00000, 0x000000070be00000|  0%| F|  |TAMS 0x000000070bc00000, 0x000000070bc00000| Untracked 
|  68|0x000000070be00000, 0x000000070be00000, 0x000000070c000000|  0%| F|  |TAMS 0x000000070be00000, 0x000000070be00000| Untracked 
|  69|0x000000070c000000, 0x000000070c000000, 0x000000070c200000|  0%| F|  |TAMS 0x000000070c000000, 0x000000070c000000| Untracked 
|  70|0x000000070c200000, 0x000000070c200000, 0x000000070c400000|  0%| F|  |TAMS 0x000000070c200000, 0x000000070c200000| Untracked 
|  71|0x000000070c400000, 0x000000070c400000, 0x000000070c600000|  0%| F|  |TAMS 0x000000070c400000, 0x000000070c400000| Untracked 
|  72|0x000000070c600000, 0x000000070c600000, 0x000000070c800000|  0%| F|  |TAMS 0x000000070c600000, 0x000000070c600000| Untracked 
|  73|0x000000070c800000, 0x000000070c800000, 0x000000070ca00000|  0%| F|  |TAMS 0x000000070c800000, 0x000000070c800000| Untracked 
|  74|0x000000070ca00000, 0x000000070ca00000, 0x000000070cc00000|  0%| F|  |TAMS 0x000000070ca00000, 0x000000070ca00000| Untracked 
|  75|0x000000070cc00000, 0x000000070cc00000, 0x000000070ce00000|  0%| F|  |TAMS 0x000000070cc00000, 0x000000070cc00000| Untracked 
|  76|0x000000070ce00000, 0x000000070ce00000, 0x000000070d000000|  0%| F|  |TAMS 0x000000070ce00000, 0x000000070ce00000| Untracked 
|  77|0x000000070d000000, 0x000000070d000000, 0x000000070d200000|  0%| F|  |TAMS 0x000000070d000000, 0x000000070d000000| Untracked 
|  78|0x000000070d200000, 0x000000070d200000, 0x000000070d400000|  0%| F|  |TAMS 0x000000070d200000, 0x000000070d200000| Untracked 
|  79|0x000000070d400000, 0x000000070d400000, 0x000000070d600000|  0%| F|  |TAMS 0x000000070d400000, 0x000000070d400000| Untracked 
|  80|0x000000070d600000, 0x000000070d600000, 0x000000070d800000|  0%| F|  |TAMS 0x000000070d600000, 0x000000070d600000| Untracked 
|  81|0x000000070d800000, 0x000000070d800000, 0x000000070da00000|  0%| F|  |TAMS 0x000000070d800000, 0x000000070d800000| Untracked 
|  82|0x000000070da00000, 0x000000070da00000, 0x000000070dc00000|  0%| F|  |TAMS 0x000000070da00000, 0x000000070da00000| Untracked 
|  83|0x000000070dc00000, 0x000000070dc00000, 0x000000070de00000|  0%| F|  |TAMS 0x000000070dc00000, 0x000000070dc00000| Untracked 
|  84|0x000000070de00000, 0x000000070de00000, 0x000000070e000000|  0%| F|  |TAMS 0x000000070de00000, 0x000000070de00000| Untracked 
|  85|0x000000070e000000, 0x000000070e000000, 0x000000070e200000|  0%| F|  |TAMS 0x000000070e000000, 0x000000070e000000| Untracked 
|  86|0x000000070e200000, 0x000000070e200000, 0x000000070e400000|  0%| F|  |TAMS 0x000000070e200000, 0x000000070e200000| Untracked 
|  87|0x000000070e400000, 0x000000070e400000, 0x000000070e600000|  0%| F|  |TAMS 0x000000070e400000, 0x000000070e400000| Untracked 
|  88|0x000000070e600000, 0x000000070e600000, 0x000000070e800000|  0%| F|  |TAMS 0x000000070e600000, 0x000000070e600000| Untracked 
|  89|0x000000070e800000, 0x000000070e800000, 0x000000070ea00000|  0%| F|  |TAMS 0x000000070e800000, 0x000000070e800000| Untracked 
|  90|0x000000070ea00000, 0x000000070ea00000, 0x000000070ec00000|  0%| F|  |TAMS 0x000000070ea00000, 0x000000070ea00000| Untracked 
|  91|0x000000070ec00000, 0x000000070ec00000, 0x000000070ee00000|  0%| F|  |TAMS 0x000000070ec00000, 0x000000070ec00000| Untracked 
|  92|0x000000070ee00000, 0x000000070ee00000, 0x000000070f000000|  0%| F|  |TAMS 0x000000070ee00000, 0x000000070ee00000| Untracked 
|  93|0x000000070f000000, 0x000000070f000000, 0x000000070f200000|  0%| F|  |TAMS 0x000000070f000000, 0x000000070f000000| Untracked 
|  94|0x000000070f200000, 0x000000070f200000, 0x000000070f400000|  0%| F|  |TAMS 0x000000070f200000, 0x000000070f200000| Untracked 
|  95|0x000000070f400000, 0x000000070f400000, 0x000000070f600000|  0%| F|  |TAMS 0x000000070f400000, 0x000000070f400000| Untracked 
|  96|0x000000070f600000, 0x000000070f600000, 0x000000070f800000|  0%| F|  |TAMS 0x000000070f600000, 0x000000070f600000| Untracked 
|  97|0x000000070f800000, 0x000000070f800000, 0x000000070fa00000|  0%| F|  |TAMS 0x000000070f800000, 0x000000070f800000| Untracked 
|  98|0x000000070fa00000, 0x000000070fa00000, 0x000000070fc00000|  0%| F|  |TAMS 0x000000070fa00000, 0x000000070fa00000| Untracked 
|  99|0x000000070fc00000, 0x000000070fc00000, 0x000000070fe00000|  0%| F|  |TAMS 0x000000070fc00000, 0x000000070fc00000| Untracked 
| 100|0x000000070fe00000, 0x000000070fe00000, 0x0000000710000000|  0%| F|  |TAMS 0x000000070fe00000, 0x000000070fe00000| Untracked 
| 101|0x0000000710000000, 0x0000000710000000, 0x0000000710200000|  0%| F|  |TAMS 0x0000000710000000, 0x0000000710000000| Untracked 
| 102|0x0000000710200000, 0x0000000710200000, 0x0000000710400000|  0%| F|  |TAMS 0x0000000710200000, 0x0000000710200000| Untracked 
| 103|0x0000000710400000, 0x0000000710400000, 0x0000000710600000|  0%| F|  |TAMS 0x0000000710400000, 0x0000000710400000| Untracked 
| 104|0x0000000710600000, 0x0000000710600000, 0x0000000710800000|  0%| F|  |TAMS 0x0000000710600000, 0x0000000710600000| Untracked 
| 105|0x0000000710800000, 0x0000000710800000, 0x0000000710a00000|  0%| F|  |TAMS 0x0000000710800000, 0x0000000710800000| Untracked 
| 106|0x0000000710a00000, 0x0000000710a00000, 0x0000000710c00000|  0%| F|  |TAMS 0x0000000710a00000, 0x0000000710a00000| Untracked 
| 107|0x0000000710c00000, 0x0000000710c00000, 0x0000000710e00000|  0%| F|  |TAMS 0x0000000710c00000, 0x0000000710c00000| Untracked 
| 108|0x0000000710e00000, 0x0000000710e00000, 0x0000000711000000|  0%| F|  |TAMS 0x0000000710e00000, 0x0000000710e00000| Untracked 
| 109|0x0000000711000000, 0x0000000711000000, 0x0000000711200000|  0%| F|  |TAMS 0x0000000711000000, 0x0000000711000000| Untracked 
| 110|0x0000000711200000, 0x0000000711200000, 0x0000000711400000|  0%| F|  |TAMS 0x0000000711200000, 0x0000000711200000| Untracked 
| 111|0x0000000711400000, 0x0000000711400000, 0x0000000711600000|  0%| F|  |TAMS 0x0000000711400000, 0x0000000711400000| Untracked 
| 112|0x0000000711600000, 0x0000000711600000, 0x0000000711800000|  0%| F|  |TAMS 0x0000000711600000, 0x0000000711600000| Untracked 
| 113|0x0000000711800000, 0x0000000711800000, 0x0000000711a00000|  0%| F|  |TAMS 0x0000000711800000, 0x0000000711800000| Untracked 
| 114|0x0000000711a00000, 0x0000000711c00000, 0x0000000711c00000|100%| S|CS|TAMS 0x0000000711a00000, 0x0000000711a00000| Complete 
| 115|0x0000000711c00000, 0x0000000711e00000, 0x0000000711e00000|100%| S|CS|TAMS 0x0000000711c00000, 0x0000000711c00000| Complete 
| 116|0x0000000711e00000, 0x0000000711e00000, 0x0000000712000000|  0%| F|  |TAMS 0x0000000711e00000, 0x0000000711e00000| Untracked 
| 117|0x0000000712000000, 0x0000000712000000, 0x0000000712200000|  0%| F|  |TAMS 0x0000000712000000, 0x0000000712000000| Untracked 
| 118|0x0000000712200000, 0x0000000712200000, 0x0000000712400000|  0%| F|  |TAMS 0x0000000712200000, 0x0000000712200000| Untracked 
| 119|0x0000000712400000, 0x0000000712600000, 0x0000000712600000|100%| E|  |TAMS 0x0000000712400000, 0x0000000712400000| Complete 
| 120|0x0000000712600000, 0x0000000712800000, 0x0000000712800000|100%| E|CS|TAMS 0x0000000712600000, 0x0000000712600000| Complete 
| 121|0x0000000712800000, 0x0000000712a00000, 0x0000000712a00000|100%| E|CS|TAMS 0x0000000712800000, 0x0000000712800000| Complete 
| 122|0x0000000712a00000, 0x0000000712c00000, 0x0000000712c00000|100%| E|CS|TAMS 0x0000000712a00000, 0x0000000712a00000| Complete 
| 123|0x0000000712c00000, 0x0000000712e00000, 0x0000000712e00000|100%| E|CS|TAMS 0x0000000712c00000, 0x0000000712c00000| Complete 
| 124|0x0000000712e00000, 0x0000000713000000, 0x0000000713000000|100%| E|CS|TAMS 0x0000000712e00000, 0x0000000712e00000| Complete 
| 125|0x0000000713000000, 0x0000000713200000, 0x0000000713200000|100%| E|CS|TAMS 0x0000000713000000, 0x0000000713000000| Complete 
| 126|0x0000000713200000, 0x0000000713400000, 0x0000000713400000|100%| E|CS|TAMS 0x0000000713200000, 0x0000000713200000| Complete 

Card table byte_map: [0x00000247fd790000,0x00000247fdf80000] _byte_map_base: 0x00000247f9f75000

Marking Bits (Prev, Next): (CMBitMap*) 0x00000247e62b6ba0, (CMBitMap*) 0x00000247e62b6be0
 Prev Bits: [0x0000024780000000, 0x0000024783f28000)
 Next Bits: [0x0000024783f30000, 0x0000024787e58000)

Polling page: 0x00000247e4230000

Metaspace:

Usage:
  Non-class:      6.76 MB used.
      Class:      1.20 MB used.
       Both:      7.96 MB used.

Virtual space:
  Non-class space:       16.00 MB reserved,       6.88 MB ( 43%) committed,  2 nodes.
      Class space:        1.00 GB reserved,       1.25 MB ( <1%) committed,  1 nodes.
             Both:        1.02 GB reserved,       8.12 MB ( <1%) committed. 

Chunk freelists:
   Non-Class:  3.73 MB
       Class:  2.76 MB
        Both:  6.50 MB

MaxMetaspaceSize: unlimited
CompressedClassSpaceSize: 1.00 GB
Initial GC threshold: 21.00 MB
Current GC threshold: 21.00 MB
CDS: on
MetaspaceReclaimPolicy: balanced
 - commit_granule_bytes: 65536.
 - commit_granule_words: 8192.
 - virtual_space_node_default_size: 1048576.
 - enlarge_chunks_in_place: 1.
 - new_chunks_are_fully_committed: 0.
 - uncommit_free_chunks: 1.
 - use_allocation_guard: 0.
 - handle_deallocations: 1.


Internal statistics:

num_allocs_failed_limit: 0.
num_arena_births: 122.
num_arena_deaths: 0.
num_vsnodes_births: 3.
num_vsnodes_deaths: 0.
num_space_committed: 130.
num_space_uncommitted: 0.
num_chunks_returned_to_freelist: 0.
num_chunks_taken_from_freelist: 430.
num_chunk_merges: 0.
num_chunk_splits: 244.
num_chunks_enlarged: 160.
num_purges: 0.
num_inconsistent_stats: 0.

CodeHeap 'non-profiled nmethods': size=120000Kb used=488Kb max_used=488Kb free=119512Kb
 bounds [0x00000247f5520000, 0x00000247f5790000, 0x00000247fca50000]
CodeHeap 'profiled nmethods': size=120000Kb used=2688Kb max_used=2688Kb free=117311Kb
 bounds [0x00000247edff0000, 0x00000247ee2a0000, 0x00000247f5520000]
CodeHeap 'non-nmethods': size=5760Kb used=1148Kb max_used=1175Kb free=4611Kb
 bounds [0x00000247eda50000, 0x00000247edcc0000, 0x00000247edff0000]
 total_blobs=1853 nmethods=1425 adapters=340
 compilation: enabled
              stopped_count=0, restarted_count=0
 full_count=0

Compilation events (20 events):
Event: 0.856 Thread 0x00000247ff406440 1369       3       java.lang.Character::isJavaIdentifierPart (5 bytes)
Event: 0.856 Thread 0x00000247ff406440 nmethod 1369 0x00000247ee277d90 code [0x00000247ee277f40, 0x00000247ee278198]
Event: 0.856 Thread 0x00000247ff406440 1370       3       java.util.LinkedHashMap::<init> (10 bytes)
Event: 0.856 Thread 0x00000247ff406440 nmethod 1370 0x00000247ee278290 code [0x00000247ee278440, 0x00000247ee278678]
Event: 0.856 Thread 0x00000247ff406440 1371       1       net.bytebuddy.implementation.bytecode.StackSize::getSize (5 bytes)
Event: 0.856 Thread 0x00000247ff406440 nmethod 1371 0x00000247f5594190 code [0x00000247f5594320, 0x00000247f55943f8]
Event: 0.856 Thread 0x00000247ff406440 1372       1       sun.reflect.annotation.AnnotatedTypeFactory$AnnotatedTypeBaseImpl::getTypeAnnotations (5 bytes)
Event: 0.856 Thread 0x00000247ff406440 nmethod 1372 0x00000247f5594490 code [0x00000247f5594620, 0x00000247f55946f8]
Event: 0.856 Thread 0x00000247ff406440 1373       1       sun.reflect.generics.reflectiveObjects.ParameterizedTypeImpl::getOwnerType (5 bytes)
Event: 0.856 Thread 0x00000247ff406440 nmethod 1373 0x00000247f5594790 code [0x00000247f5594920, 0x00000247f55949f8]
Event: 0.856 Thread 0x00000247ff406440 1374       3       net.bytebuddy.description.method.ParameterDescription$Latent::getDeclaringMethod (5 bytes)
Event: 0.856 Thread 0x00000247ff406440 nmethod 1374 0x00000247ee278790 code [0x00000247ee278920, 0x00000247ee278a58]
Event: 0.856 Thread 0x00000247ff406440 1375       1       net.bytebuddy.description.type.TypeDescription$Generic$OfNonGenericType$Latent::asErasure (5 bytes)
Event: 0.857 Thread 0x00000247ff406440 nmethod 1375 0x00000247f5594a90 code [0x00000247f5594c20, 0x00000247f5594cf8]
Event: 0.857 Thread 0x00000247ff406440 1376       3       sun.reflect.annotation.AnnotatedTypeFactory$AnnotatedTypeBaseImpl::<init> (39 bytes)
Event: 0.857 Thread 0x00000247ff406440 nmethod 1376 0x00000247ee278b10 code [0x00000247ee278ce0, 0x00000247ee2790b8]
Event: 0.857 Thread 0x00000247ff406440 1377       3       sun.reflect.annotation.TypeAnnotation$LocationInfo::filter (68 bytes)
Event: 0.857 Thread 0x00000247ff406440 nmethod 1377 0x00000247ee279210 code [0x00000247ee279440, 0x00000247ee279c78]
Event: 0.858 Thread 0x00000247ff406440 1379       3       java.util.AbstractList::hashCode (46 bytes)
Event: 0.858 Thread 0x00000247ff406440 nmethod 1379 0x00000247ee27a010 code [0x00000247ee27a200, 0x00000247ee27a758]

GC Heap History (2 events):
Event: 0.575 GC heap before
{Heap before GC invocations=0 (full 0):
 garbage-first heap   total 260096K, used 20480K [0x0000000703600000, 0x0000000800000000)
  region size 2048K, 11 young (22528K), 0 survivors (0K)
 Metaspace       used 4246K, committed 4352K, reserved 1056768K
  class space    used 543K, committed 576K, reserved 1048576K
}
Event: 0.579 GC heap after
{Heap after GC invocations=1 (full 0):
 garbage-first heap   total 260096K, used 6378K [0x0000000703600000, 0x0000000800000000)
  region size 2048K, 2 young (4096K), 2 survivors (4096K)
 Metaspace       used 4246K, committed 4352K, reserved 1056768K
  class space    used 543K, committed 576K, reserved 1048576K
}

Deoptimization events (20 events):
Event: 0.707 Thread 0x00000247e6264d20 Uncommon trap: trap_request=0xffffff45 fr.pc=0x00000247f55712b4 relative=0x0000000000000314
Event: 0.707 Thread 0x00000247e6264d20 Uncommon trap: reason=unstable_if action=reinterpret pc=0x00000247f55712b4 method=jdk.internal.org.objectweb.asm.SymbolTable.put(Ljdk/internal/org/objectweb/asm/SymbolTable$Entry;)Ljdk/internal/org/objectweb/asm/SymbolTable$Entry; @ 13 c2
Event: 0.707 Thread 0x00000247e6264d20 DEOPT PACKING pc=0x00000247f55712b4 sp=0x00000058546f6e30
Event: 0.707 Thread 0x00000247e6264d20 DEOPT UNPACKING pc=0x00000247edaa23a3 sp=0x00000058546f6db0 mode 2
Event: 0.729 Thread 0x00000247e6264d20 Uncommon trap: trap_request=0xffffff45 fr.pc=0x00000247f556d538 relative=0x0000000000000098
Event: 0.729 Thread 0x00000247e6264d20 Uncommon trap: reason=unstable_if action=reinterpret pc=0x00000247f556d538 method=sun.reflect.generics.parser.SignatureParser.current()C @ 39 c2
Event: 0.729 Thread 0x00000247e6264d20 DEOPT PACKING pc=0x00000247f556d538 sp=0x00000058546f7b20
Event: 0.729 Thread 0x00000247e6264d20 DEOPT UNPACKING pc=0x00000247edaa23a3 sp=0x00000058546f7ab8 mode 2
Event: 0.776 Thread 0x00000247e6264d20 Uncommon trap: trap_request=0xffffff45 fr.pc=0x00000247f557651c relative=0x000000000000027c
Event: 0.776 Thread 0x00000247e6264d20 Uncommon trap: reason=unstable_if action=reinterpret pc=0x00000247f557651c method=java.util.concurrent.ConcurrentHashMap.get(Ljava/lang/Object;)Ljava/lang/Object; @ 76 c2
Event: 0.776 Thread 0x00000247e6264d20 DEOPT PACKING pc=0x00000247f557651c sp=0x00000058546f7d60
Event: 0.776 Thread 0x00000247e6264d20 DEOPT UNPACKING pc=0x00000247edaa23a3 sp=0x00000058546f7cd8 mode 2
Event: 0.785 Thread 0x00000247e6264d20 Uncommon trap: trap_request=0xffffffde fr.pc=0x00000247f558aa38 relative=0x0000000000000478
Event: 0.785 Thread 0x00000247e6264d20 Uncommon trap: reason=class_check action=maybe_recompile pc=0x00000247f558aa38 method=java.util.HashMap.getNode(Ljava/lang/Object;)Ljava/util/HashMap$Node; @ 128 c2
Event: 0.785 Thread 0x00000247e6264d20 DEOPT PACKING pc=0x00000247f558aa38 sp=0x00000058546f8a60
Event: 0.785 Thread 0x00000247e6264d20 DEOPT UNPACKING pc=0x00000247edaa23a3 sp=0x00000058546f8978 mode 2
Event: 0.841 Thread 0x00000247e6264d20 Uncommon trap: trap_request=0xffffffde fr.pc=0x00000247f558aa38 relative=0x0000000000000478
Event: 0.841 Thread 0x00000247e6264d20 Uncommon trap: reason=class_check action=maybe_recompile pc=0x00000247f558aa38 method=java.util.HashMap.getNode(Ljava/lang/Object;)Ljava/util/HashMap$Node; @ 128 c2
Event: 0.841 Thread 0x00000247e6264d20 DEOPT PACKING pc=0x00000247f558aa38 sp=0x00000058546f85d0
Event: 0.841 Thread 0x00000247e6264d20 DEOPT UNPACKING pc=0x00000247edaa23a3 sp=0x00000058546f84d8 mode 2

Classes unloaded (0 events):
No events

Classes redefined (0 events):
No events

Internal exceptions (20 events):
Event: 0.471 Thread 0x00000247e6264d20 Exception <a 'java/lang/NoSuchMethodError'{0x00000007122e0ba0}: 'void java.lang.invoke.DirectMethodHandle$Holder.invokeInterface(java.lang.Object, java.lang.Object, java.lang.Object, java.lang.Object, java.lang.Object)'> (0x00000007122e0ba0) 
thrown [t:\workspace\open\src\hotspot\share\interpreter\linkResolver.cpp, line 766]
Event: 0.471 Thread 0x00000247e6264d20 Exception <a 'java/lang/IncompatibleClassChangeError'{0x00000007122e4bb0}: Found class java.lang.Object, but interface was expected> (0x00000007122e4bb0) 
thrown [t:\workspace\open\src\hotspot\share\interpreter\linkResolver.cpp, line 833]
Event: 0.478 Thread 0x00000247e6264d20 Exception <a 'java/lang/IncompatibleClassChangeError'{0x000000071231c288}: Found class java.lang.Object, but interface was expected> (0x000000071231c288) 
thrown [t:\workspace\open\src\hotspot\share\interpreter\linkResolver.cpp, line 833]
Event: 0.482 Thread 0x00000247e6264d20 Exception <a 'java/lang/NoSuchMethodError'{0x0000000712338968}: 'java.lang.Object java.lang.invoke.DirectMethodHandle$Holder.invokeStatic(java.lang.Object, java.lang.Object, int)'> (0x0000000712338968) 
thrown [t:\workspace\open\src\hotspot\share\interpreter\linkResolver.cpp, line 766]
Event: 0.491 Thread 0x00000247e6264d20 Exception <a 'java/lang/NoSuchMethodError'{0x000000071238b800}: 'void java.lang.invoke.DirectMethodHandle$Holder.invokeSpecial(java.lang.Object, java.lang.Object, java.lang.Object, java.lang.Object, java.lang.Object)'> (0x000000071238b800) 
thrown [t:\workspace\open\src\hotspot\share\interpreter\linkResolver.cpp, line 766]
Event: 0.502 Thread 0x00000247e6264d20 Exception <a 'java/lang/NoSuchMethodError'{0x00000007123e9f18}: 'void java.lang.invoke.DirectMethodHandle$Holder.invokeInterface(java.lang.Object, java.lang.Object, java.lang.Object, java.lang.Object)'> (0x00000007123e9f18) 
thrown [t:\workspace\open\src\hotspot\share\interpreter\linkResolver.cpp, line 766]
Event: 0.502 Thread 0x00000247e6264d20 Exception <a 'java/lang/IncompatibleClassChangeError'{0x00000007123ed840}: Found class java.lang.Object, but interface was expected> (0x00000007123ed840) 
thrown [t:\workspace\open\src\hotspot\share\interpreter\linkResolver.cpp, line 833]
Event: 0.505 Thread 0x00000247e6264d20 Exception <a 'java/lang/NoSuchMethodError'{0x0000000712013300}: 'void java.lang.invoke.DirectMethodHandle$Holder.invokeStatic(java.lang.Object, java.lang.Object, java.lang.Object, java.lang.Object)'> (0x0000000712013300) 
thrown [t:\workspace\open\src\hotspot\share\interpreter\linkResolver.cpp, line 766]
Event: 0.507 Thread 0x00000247e6264d20 Exception <a 'java/lang/NoSuchMethodError'{0x0000000712034af0}: 'java.lang.Object java.lang.invoke.DirectMethodHandle$Holder.newInvokeSpecial(java.lang.Object, java.lang.Object, int)'> (0x0000000712034af0) 
thrown [t:\workspace\open\src\hotspot\share\interpreter\linkResolver.cpp, line 766]
Event: 0.518 Thread 0x00000247e6264d20 Exception <a 'java/lang/NoSuchMethodError'{0x00000007120b7bc8}: 'int java.lang.invoke.DirectMethodHandle$Holder.invokeStatic(java.lang.Object, java.lang.Object, java.lang.Object, java.lang.Object)'> (0x00000007120b7bc8) 
thrown [t:\workspace\open\src\hotspot\share\interpreter\linkResolver.cpp, line 766]
Event: 0.518 Thread 0x00000247e6264d20 Exception <a 'java/lang/NoSuchMethodError'{0x00000007120bb548}: 'java.lang.Object java.lang.invoke.Invokers$Holder.invokeExact_MT(java.lang.Object, java.lang.Object, java.lang.Object, java.lang.Object, java.lang.Object, java.lang.Object)'> (0x00000007120bb548) 
thrown [t:\workspace\open\src\hotspot\share\interpreter\linkResolver.cpp, line 766]
Event: 0.519 Thread 0x00000247e6264d20 Exception <a 'java/lang/NoSuchMethodError'{0x00000007120cb2b8}: 'int java.lang.invoke.DirectMethodHandle$Holder.invokeStatic(java.lang.Object, java.lang.Object, java.lang.Object, java.lang.Object, java.lang.Object)'> (0x00000007120cb2b8) 
thrown [t:\workspace\open\src\hotspot\share\interpreter\linkResolver.cpp, line 766]
Event: 0.526 Thread 0x00000247e6264d20 Exception <a 'java/lang/NoSuchMethodError'{0x0000000712115f40}: 'void java.lang.invoke.DirectMethodHandle$Holder.invokeStaticInit(java.lang.Object)'> (0x0000000712115f40) 
thrown [t:\workspace\open\src\hotspot\share\interpreter\linkResolver.cpp, line 766]
Event: 0.545 Thread 0x00000247e6264d20 Exception <a 'java/lang/NoSuchMethodError'{0x0000000711e187b8}: 'int java.lang.invoke.DirectMethodHandle$Holder.invokeStaticInit(java.lang.Object, java.lang.Object)'> (0x0000000711e187b8) 
thrown [t:\workspace\open\src\hotspot\share\interpreter\linkResolver.cpp, line 766]
Event: 0.591 Thread 0x00000247e6264d20 Exception <a 'java/lang/NoSuchMethodError'{0x0000000713260558}: 'java.lang.Object java.lang.invoke.DirectMethodHandle$Holder.newInvokeSpecial(java.lang.Object, java.lang.Object, java.lang.Object, java.lang.Object, java.lang.Object, java.lang.Object, java.lang.Object)'> (0x0000000713260558) 
thrown [t:\workspace\open\src\hotspot\share\interpreter\linkResolver.cpp, line 766]
Event: 0.591 Thread 0x00000247e6264d20 Exception <a 'java/lang/NoSuchMethodError'{0x0000000713265110}: 'java.lang.Object java.lang.invoke.Invokers$Holder.linkToTargetMethod(java.lang.Object, java.lang.Object, java.lang.Object, java.lang.Object, java.lang.Object, java.lang.Object, java.lang.Object)'> (0x0000000713265110) 
thrown [t:\workspace\open\src\hotspot\share\interpreter\linkResolver.cpp, line 766]
Event: 0.594 Thread 0x00000247e6264d20 Exception <a 'java/lang/NoSuchMethodError'{0x0000000713276450}: 'java.lang.Object java.lang.invoke.DirectMethodHandle$Holder.invokeInterface(java.lang.Object, java.lang.Object, java.lang.Object, java.lang.Object, java.lang.Object)'> (0x0000000713276450) 
thrown [t:\workspace\open\src\hotspot\share\interpreter\linkResolver.cpp, line 766]
Event: 0.594 Thread 0x00000247e6264d20 Exception <a 'java/lang/IncompatibleClassChangeError'{0x000000071327a248}: Found class java.lang.Object, but interface was expected> (0x000000071327a248) 
thrown [t:\workspace\open\src\hotspot\share\interpreter\linkResolver.cpp, line 833]
Event: 0.600 Thread 0x00000247e6264d20 Exception <a 'java/lang/NoSuchMethodError'{0x00000007133055c8}: 'int java.lang.invoke.DirectMethodHandle$Holder.invokeInterface(java.lang.Object, java.lang.Object)'> (0x00000007133055c8) 
thrown [t:\workspace\open\src\hotspot\share\interpreter\linkResolver.cpp, line 766]
Event: 0.604 Thread 0x00000247e6264d20 Exception <a 'java/lang/IncompatibleClassChangeError'{0x000000071332ab88}: Found class java.lang.Object, but interface was expected> (0x000000071332ab88) 
thrown [t:\workspace\open\src\hotspot\share\interpreter\linkResolver.cpp, line 833]

VM Operations (18 events):
Event: 0.143 Executing VM operation: HandshakeAllThreads
Event: 0.143 Executing VM operation: HandshakeAllThreads done
Event: 0.169 Executing VM operation: HandshakeAllThreads
Event: 0.169 Executing VM operation: HandshakeAllThreads done
Event: 0.215 Executing VM operation: HandshakeAllThreads
Event: 0.215 Executing VM operation: HandshakeAllThreads done
Event: 0.300 Executing VM operation: HandshakeAllThreads
Event: 0.300 Executing VM operation: HandshakeAllThreads done
Event: 0.392 Executing VM operation: HandshakeAllThreads
Event: 0.393 Executing VM operation: HandshakeAllThreads done
Event: 0.575 Executing VM operation: G1CollectForAllocation
Event: 0.579 Executing VM operation: G1CollectForAllocation done
Event: 0.596 Executing VM operation: HandshakeAllThreads
Event: 0.597 Executing VM operation: HandshakeAllThreads done
Event: 0.609 Executing VM operation: HandshakeAllThreads
Event: 0.609 Executing VM operation: HandshakeAllThreads done
Event: 0.655 Executing VM operation: HandshakeAllThreads
Event: 0.655 Executing VM operation: HandshakeAllThreads done

Events (20 events):
Event: 0.777 loading class sun/reflect/generics/tree/VoidDescriptor
Event: 0.777 loading class sun/reflect/generics/tree/VoidDescriptor done
Event: 0.782 loading class java/lang/Class$EnclosingMethodInfo
Event: 0.783 loading class java/lang/Class$EnclosingMethodInfo done
Event: 0.784 loading class java/lang/reflect/AccessibleObject$Cache
Event: 0.784 loading class java/lang/reflect/AccessibleObject$Cache done
Event: 0.804 loading class java/util/AbstractList$SubList
Event: 0.804 loading class java/util/AbstractList$SubList done
Event: 0.826 loading class java/lang/reflect/AnnotatedTypeVariable
Event: 0.826 loading class java/lang/reflect/AnnotatedTypeVariable done
Event: 0.828 loading class java/lang/NoSuchFieldError
Event: 0.828 loading class java/lang/NoSuchFieldError done
Event: 0.851 loading class sun/reflect/annotation/AnnotatedTypeFactory$AnnotatedParameterizedTypeImpl
Event: 0.851 loading class sun/reflect/annotation/AnnotatedTypeFactory$AnnotatedParameterizedTypeImpl done
Event: 0.851 loading class sun/reflect/annotation/AnnotatedTypeFactory$AnnotatedWildcardTypeImpl
Event: 0.851 loading class sun/reflect/annotation/AnnotatedTypeFactory$AnnotatedWildcardTypeImpl done
Event: 0.852 loading class sun/reflect/annotation/AnnotatedTypeFactory$AnnotatedTypeVariableImpl
Event: 0.852 loading class sun/reflect/annotation/AnnotatedTypeFactory$AnnotatedTypeVariableImpl done
Event: 0.852 loading class sun/reflect/annotation/AnnotatedTypeFactory$AnnotatedArrayTypeImpl
Event: 0.852 loading class sun/reflect/annotation/AnnotatedTypeFactory$AnnotatedArrayTypeImpl done


Dynamic libraries:
0x00007ff649ea0000 - 0x00007ff649eae000 	C:\Users\Rahma\.jdks\openjdk-17.0.1\bin\java.exe
0x00007ffdc3440000 - 0x00007ffdc3649000 	C:\WINDOWS\SYSTEM32\ntdll.dll
0x00007ffdc23d0000 - 0x00007ffdc248d000 	C:\WINDOWS\System32\KERNEL32.DLL
0x00007ffdc0d20000 - 0x00007ffdc10a4000 	C:\WINDOWS\System32\KERNELBASE.dll
0x00007ffdc09c0000 - 0x00007ffdc0ad1000 	C:\WINDOWS\System32\ucrtbase.dll
0x00007ffda5770000 - 0x00007ffda5788000 	C:\Users\Rahma\.jdks\openjdk-17.0.1\bin\jli.dll
0x00007ffda5170000 - 0x00007ffda518a000 	C:\Users\Rahma\.jdks\openjdk-17.0.1\bin\VCRUNTIME140.dll
0x00007ffdc1ed0000 - 0x00007ffdc207d000 	C:\WINDOWS\System32\USER32.dll
0x00007ffda6470000 - 0x00007ffda6715000 	C:\WINDOWS\WinSxS\amd64_microsoft.windows.common-controls_6595b64144ccf1df_6.0.22000.120_none_9d947278b86cc467\COMCTL32.dll
0x00007ffdc0cf0000 - 0x00007ffdc0d16000 	C:\WINDOWS\System32\win32u.dll
0x00007ffdc1cf0000 - 0x00007ffdc1d1a000 	C:\WINDOWS\System32\GDI32.dll
0x00007ffdc29f0000 - 0x00007ffdc2a93000 	C:\WINDOWS\System32\msvcrt.dll
0x00007ffdc1170000 - 0x00007ffdc128e000 	C:\WINDOWS\System32\gdi32full.dll
0x00007ffdc0c50000 - 0x00007ffdc0ced000 	C:\WINDOWS\System32\msvcp_win.dll
0x00007ffdc1da0000 - 0x00007ffdc1dd1000 	C:\WINDOWS\System32\IMM32.DLL
0x00007ffda5160000 - 0x00007ffda516c000 	C:\Users\Rahma\.jdks\openjdk-17.0.1\bin\vcruntime140_1.dll
0x00007ffd8c340000 - 0x00007ffd8c3cd000 	C:\Users\Rahma\.jdks\openjdk-17.0.1\bin\msvcp140.dll
0x00007ffd6e1e0000 - 0x00007ffd6ed9e000 	C:\Users\Rahma\.jdks\openjdk-17.0.1\bin\server\jvm.dll
0x00007ffdc2aa0000 - 0x00007ffdc2b4e000 	C:\WINDOWS\System32\ADVAPI32.dll
0x00007ffdc2330000 - 0x00007ffdc23ce000 	C:\WINDOWS\System32\sechost.dll
0x00007ffdc2080000 - 0x00007ffdc21a1000 	C:\WINDOWS\System32\RPCRT4.dll
0x00007ffdc2b50000 - 0x00007ffdc2b58000 	C:\WINDOWS\System32\PSAPI.DLL
0x00007ffdba1b0000 - 0x00007ffdba1b9000 	C:\WINDOWS\SYSTEM32\WSOCK32.dll
0x00007ffdbac40000 - 0x00007ffdbac73000 	C:\WINDOWS\SYSTEM32\WINMM.dll
0x00007ffdc1d30000 - 0x00007ffdc1d9f000 	C:\WINDOWS\System32\WS2_32.dll
0x00007ffdb8c70000 - 0x00007ffdb8c7a000 	C:\WINDOWS\SYSTEM32\VERSION.dll
0x00007ffdbfa30000 - 0x00007ffdbfa48000 	C:\WINDOWS\SYSTEM32\kernel.appcore.dll
0x00007ffda50e0000 - 0x00007ffda50ea000 	C:\Users\Rahma\.jdks\openjdk-17.0.1\bin\jimage.dll
0x00007ffdbe2c0000 - 0x00007ffdbe4e1000 	C:\WINDOWS\SYSTEM32\DBGHELP.DLL
0x00007ffda8960000 - 0x00007ffda8991000 	C:\WINDOWS\SYSTEM32\dbgcore.DLL
0x00007ffdc0940000 - 0x00007ffdc09bf000 	C:\WINDOWS\System32\bcryptPrimitives.dll
0x00007ffda4de0000 - 0x00007ffda4dee000 	C:\Users\Rahma\.jdks\openjdk-17.0.1\bin\instrument.dll
0x00007ffda1450000 - 0x00007ffda1475000 	C:\Users\Rahma\.jdks\openjdk-17.0.1\bin\java.dll
0x00007ffd6e100000 - 0x00007ffd6e1d6000 	C:\Users\Rahma\.jdks\openjdk-17.0.1\bin\svml.dll
0x00007ffdc14a0000 - 0x00007ffdc1c65000 	C:\WINDOWS\System32\SHELL32.dll
0x00007ffdbe9a0000 - 0x00007ffdbf202000 	C:\WINDOWS\SYSTEM32\windows.storage.dll
0x00007ffdc2490000 - 0x00007ffdc2806000 	C:\WINDOWS\System32\combase.dll
0x00007ffdbe830000 - 0x00007ffdbe997000 	C:\WINDOWS\SYSTEM32\wintypes.dll
0x00007ffdc1de0000 - 0x00007ffdc1eca000 	C:\WINDOWS\System32\SHCORE.dll
0x00007ffdc21b0000 - 0x00007ffdc220d000 	C:\WINDOWS\System32\shlwapi.dll
0x00007ffdc0800000 - 0x00007ffdc0825000 	C:\WINDOWS\SYSTEM32\profapi.dll
0x00007ffda48f0000 - 0x00007ffda4908000 	C:\Users\Rahma\.jdks\openjdk-17.0.1\bin\zip.dll
0x00007ffda4d60000 - 0x00007ffda4d79000 	C:\Users\Rahma\.jdks\openjdk-17.0.1\bin\net.dll
0x00007ffdbac80000 - 0x00007ffdbad94000 	C:\WINDOWS\SYSTEM32\WINHTTP.dll
0x00007ffdbfee0000 - 0x00007ffdbff47000 	C:\WINDOWS\system32\mswsock.dll
0x00007ffda4bb0000 - 0x00007ffda4bc5000 	C:\Users\Rahma\.jdks\openjdk-17.0.1\bin\nio.dll
0x00007ffd90210000 - 0x00007ffd9022a000 	C:\Program Files\JetBrains\IntelliJ IDEA 2021.2.3\bin\breakgen64.dll
0x00007ffda2840000 - 0x00007ffda2850000 	C:\Users\Rahma\.jdks\openjdk-17.0.1\bin\verify.dll

dbghelp: loaded successfully - version: 4.0.5 - missing functions: none
symbol engine: initialized successfully - sym options: 0x614 - pdb path: .;C:\Users\Rahma\.jdks\openjdk-17.0.1\bin;C:\WINDOWS\SYSTEM32;C:\WINDOWS\WinSxS\amd64_microsoft.windows.common-controls_6595b64144ccf1df_6.0.22000.120_none_9d947278b86cc467;C:\Users\Rahma\.jdks\openjdk-17.0.1\bin\server;C:\Program Files\JetBrains\IntelliJ IDEA 2021.2.3\bin

VM Arguments:
jvm_args: -ea -Didea.test.cyclic.buffer.size=1048576 -Dsocket.server.port=33833 -javaagent:C:\Program Files\JetBrains\IntelliJ IDEA 2021.2.3\lib\idea_rt.jar=63393:C:\Program Files\JetBrains\IntelliJ IDEA 2021.2.3\bin -Dfile.encoding=UTF-8 
java_command: com.intellij.rt.junit.JUnitStarter -ideVersion5 -junit5 tn.esprit.spring.kaddem.UniversiteServiceImplMockTest
java_class_path (initial): C:\Users\Rahma\.m2\repository\org\junit\platform\junit-platform-launcher\1.9.3\junit-platform-launcher-1.9.3.jar;C:\Program Files\JetBrains\IntelliJ IDEA 2021.2.3\lib\idea_rt.jar;C:\Program Files\JetBrains\IntelliJ IDEA 2021.2.3\plugins\junit\lib\junit5-rt.jar;C:\Program Files\JetBrains\IntelliJ IDEA 2021.2.3\plugins\junit\lib\junit-rt.jar;C:\Users\Rahma\Desktop\Devops\5SAE3-Fantasy_Dev\target\test-classes;C:\Users\Rahma\Desktop\Devops\5SAE3-Fantasy_Dev\target\classes;C:\Users\Rahma\.m2\repository\org\mockito\mockito-core\4.5.1\mockito-core-4.5.1.jar;C:\Users\Rahma\.m2\repository\net\bytebuddy\byte-buddy-agent\1.14.8\byte-buddy-agent-1.14.8.jar;C:\Users\Rahma\.m2\repository\org\objenesis\objenesis\3.2\objenesis-3.2.jar;C:\Users\Rahma\.m2\repository\net\bytebuddy\byte-buddy\1.12.7\byte-buddy-1.12.7.jar;C:\Users\Rahma\.m2\repository\com\h2database\h2\2.1.214\h2-2.1.214.jar;C:\Users\Rahma\.m2\repository\org\springframework\boot\spring-boot-starter-test\3.1.4\spring-boot-starter-test-3.1.4.jar;C:\Users\Rahma\.m2\repository\org\springframework\boot\spring-boot-starter\3.1.4\spring-boot-starter-3.1.4.jar;C:\Users\Rahma\.m2\repository\org\springframework\boot\spring-boot\3.1.4\spring-boot-3.1.4.jar;C:\Users\Rahma\.m2\repository\org\springframework\boot\spring-boot-autoconfigure\3.1.4\spring-boot-autoconfigure-3.1.4.jar;C:\Users\Rahma\.m2\repository\org\springframework\boot\spring-boot-starter-logging\3.1.4\spring-boot-starter-logging-3.1.4.jar;C:\Users\Rahma\.m2\repository\ch\qos\logback\logback-classic\1.4.11\logback-classic-1.4.11.jar;C:\Users\Rahma\.m2\repository\ch\qos\logback\logback-core\1.4.11\logback-core-1.4.11.jar;C:\Users\Rahma\.m2\repository\org\apache\logging\log4j\log4j-to-slf4j\2.20.0\log4j-to-slf4j-2.20.0.jar;C:\Users\Rahma\.m2\repository\org\apache\logging\log4j\log4j-api\2.20.0\log4j-api-2.20.0.jar;C:\Users\Rahma\.m2\repository\org\slf4j\jul-to-slf4j\2.0.9\jul-to-slf4j-2.0.9.jar;C:\Users\Rahma\.m2\repository\jakarta\annotation
Launcher Type: SUN_STANDARD

[Global flags]
     intx CICompilerCount                          = 4                                         {product} {ergonomic}
     uint ConcGCThreads                            = 3                                         {product} {ergonomic}
     uint G1ConcRefinementThreads                  = 10                                        {product} {ergonomic}
   size_t G1HeapRegionSize                         = 2097152                                   {product} {ergonomic}
    uintx GCDrainStackTargetSize                   = 64                                        {product} {ergonomic}
   size_t InitialHeapSize                          = 266338304                                 {product} {ergonomic}
   size_t MarkStackSize                            = 4194304                                   {product} {ergonomic}
   size_t MaxHeapSize                              = 4238344192                                {product} {ergonomic}
   size_t MaxNewSize                               = 2541748224                                {product} {ergonomic}
   size_t MinHeapDeltaBytes                        = 2097152                                   {product} {ergonomic}
   size_t MinHeapSize                              = 8388608                                   {product} {ergonomic}
    uintx NonNMethodCodeHeapSize                   = 5839372                                {pd product} {ergonomic}
    uintx NonProfiledCodeHeapSize                  = 122909434                              {pd product} {ergonomic}
    uintx ProfiledCodeHeapSize                     = 122909434                              {pd product} {ergonomic}
    uintx ReservedCodeCacheSize                    = 251658240                              {pd product} {ergonomic}
     bool SegmentedCodeCache                       = true                                      {product} {ergonomic}
   size_t SoftMaxHeapSize                          = 4238344192                             {manageable} {ergonomic}
     bool UseCompressedClassPointers               = true                           {product lp64_product} {ergonomic}
     bool UseCompressedOops                        = true                           {product lp64_product} {ergonomic}
     bool UseG1GC                                  = true                                      {product} {ergonomic}
     bool UseLargePagesIndividualAllocation        = false                                  {pd product} {ergonomic}

Logging:
Log output configuration:
 #0: stdout all=warning uptime,level,tags
 #1: stderr all=off uptime,level,tags

Environment Variables:
JAVA_HOME=C:\Program Files\Java\jdk-14.0.1
PATH=C:\Program Files\dotnet;C:\Program Files\Common Files\Oracle\Java\javapath;C:\Program Files\Microsoft MPI\Bin\;C:\oraclexe\app\oracle\product\10.2.0\server\bin;C:\Program Files (x86)\Common Files\Oracle\Java\javapath;C:\Program Files (x86)\VMware\VMware Workstation\bin\;C:\ProgramData\Oracle\Java\javapath;C:\windows\system32;C:\windows;C:\windows\System32\Wbem;C:\windows\System32\WindowsPowerShell\v1.0\;C:\windows\System32\OpenSSH\;C:\Program Files (x86)\NVIDIA Corporation\PhysX\Common;C:\Program Files\NVIDIA Corporation\NVIDIA NvDLISR;C:\Program Files\PuTTY\;C:\WINDOWS\system32;C:\WINDOWS;C:\WINDOWS\System32\Wbem;C:\WINDOWS\System32\WindowsPowerShell\v1.0\;C:\WINDOWS\System32\OpenSSH\;C:\Program Files\Git\cmd;C:\Program Files\Microsoft SQL Server\150\Tools\Binn\;C:\Program Files\Java\jdk-14.0.1\bin;C:\ProgramData\Microsoft\Windows\Start Menu\Programs\XAMPP;C:\xampp\php;C:\ProgramData\ComposerSetup\bin;C:\Program Files\php-8.1.16;C:\xampp\php-8.1.16;C:\Program Files\Microsoft SQL Server\130\Tools\Binn\;C:\Program Files\Docker\Docker\resources\bin;C:\Program Files\nodejs\;C:\Program Files\Microsoft SQL Server\Client SDK\ODBC\170\Tools\Binn\;C:\Program Files (x86)\Microsoft SQL Server\110\DTS\Binn\;C:\Program Files (x86)\Microsoft SQL Server\110\Tools\Binn\;C:\Program Files (x86)\Microsoft SQL Server\110\Tools\Binn\ManagementStudio\;C:\Program Files (x86)\Microsoft Visual Studio 10.0\Common7\IDE\PrivateAssemblies\;C:\Program Files\TortoiseGit\bin;C:\Users\Rahma\AppData\Roaming\npm;C:\Users\Rahma\AppData\Roaming\npm\ng;C:\Program Files\Vagrant\bin;C:\Program Files\dotnet;C:\Program Files\Common Files\Oracle\Java\javapath;C:\Program Files\Microsoft MPI\Bin\;C:\oraclexe\app\oracle\product\10.2.0\server\bin;C:\Program Files (x86)\Common Files\Oracle\Java\javapath;C:\Program Files (x86)\VMware\VMware Workstation\bin\;C:\ProgramData\Oracle\Java\javapath;C:\windows\system32;C:\windows;C:\windows\System32\Wbem;C:\windows\System32\WindowsPowerShell\v1.0\;C:\windows\System32\
USERNAME=Rahma
OS=Windows_NT
PROCESSOR_IDENTIFIER=Intel64 Family 6 Model 165 Stepping 2, GenuineIntel



---------------  S Y S T E M  ---------------

OS:
 Windows 10 , 64 bit Build 22000 (10.0.22000.2538)
OS uptime: 0 days 8:08 hours
Hyper-V role detected

CPU: total 12 (initial active 12) (6 cores per cpu, 2 threads per core) family 6 model 165 stepping 2 microcode 0xf0, cx8, cmov, fxsr, ht, mmx, 3dnowpref, sse, sse2, sse3, ssse3, sse4.1, sse4.2, popcnt, lzcnt, tsc, tscinvbit, avx, avx2, aes, erms, clmul, bmi1, bmi2, adx, fma, vzeroupper, clflush, clflushopt, hv

Memory: 4k page, system-wide physical 16160M (2557M free)
TotalPageFile size 23598M (AvailPageFile size 5M)
current process WorkingSet (physical memory assigned to process): 93M, peak: 93M
current process commit charge ("private bytes"): 375M, peak: 377M

vm_info: OpenJDK 64-Bit Server VM (17.0.1+12-39) for windows-amd64 JRE (17.0.1+12-39), built on Sep 27 2021 18:39:29 by "mach5one" with MS VC++ 16.8 (VS2019)

END.
