#
# There is insufficient memory for the Java Runtime Environment to continue.
# Native memory allocation (mmap) failed to map 266338304 bytes for G1 virtual space
# Possible reasons:
#   The system is out of physical RAM or swap space
#   The process is running with CompressedOops enabled, and the Java Heap may be blocking the growth of the native heap
# Possible solutions:
#   Reduce memory load on the system
#   Increase physical memory or swap space
#   Check if swap backing store is full
#   Decrease Java heap size (-Xmx/-Xms)
#   Decrease number of Java threads
#   Decrease Java thread stack sizes (-Xss)
#   Set larger code cache with -XX:ReservedCodeCacheSize=
#   JVM is running with Zero Based Compressed Oops mode in which the Java heap is
#     placed in the first 32GB address space. The Java Heap base address is the
#     maximum limit for the native heap growth. Please use -XX:HeapBaseMinAddress
#     to set the Java Heap base and to place the Java Heap above 32GB virtual address.
# This output file may be truncated or incomplete.
#
#  Out of Memory Error (os_windows.cpp:3469), pid=4532, tid=18232
#
# JRE version:  (17.0.1+12) (build )
# Java VM: OpenJDK 64-Bit Server VM (17.0.1+12-39, mixed mode, sharing, tiered, compressed oops, compressed class ptrs, g1 gc, windows-amd64)
# No core dump will be written. Minidumps are not enabled by default on client versions of Windows
#

---------------  S U M M A R Y ------------

Command Line: -Dnet.bytebuddy.agent.attacher.dump= net.bytebuddy.agent.Attacher com.sun.tools.attach.VirtualMachine 16520 C:\Users\Rahma\.m2\repository\net\bytebuddy\byte-buddy-agent\1.14.8\byte-buddy-agent-1.14.8.jar false 

Host: Intel(R) Core(TM) i7-10750H CPU @ 2.60GHz, 12 cores, 15G,  Windows 10 , 64 bit Build 22000 (10.0.22000.2538)
Time: Fri Oct 11 04:01:37 2024 Paris, Madrid (heure duild 22000 (10.0.22000.2538) elapsed time: 0.010860 seconds (0d 0h 0m 0s)

---------------  T H R E A D  ---------------

Current thread (0x000001a38ec24f00):  JavaThread "Unknown thread" [_thread_in_vm, id=18232, stack(0x000000826f700000,0x000000826f800000)]

Stack: [0x000000826f700000,0x000000826f800000]
Native frames: (J=compiled Java code, j=interpreted, Vv=VM code, C=native code)
V  [jvm.dll+0x66fa1a]
V  [jvm.dll+0x7ce5a4]
V  [jvm.dll+0x7cfd4e]
V  [jvm.dll+0x7d03b3]
V  [jvm.dll+0x242b05]
V  [jvm.dll+0x66ca39]
V  [jvm.dll+0x661502]
V  [jvm.dll+0x30081b]
V  [jvm.dll+0x307da6]
V  [jvm.dll+0x357a1e]
V  [jvm.dll+0x357c4f]
V  [jvm.dll+0x2d7ad8]
V  [jvm.dll+0x2d8a44]
V  [jvm.dll+0x7a01e1]
V  [jvm.dll+0x365791]
V  [jvm.dll+0x77f6cc]
V  [jvm.dll+0x3e812f]
V  [jvm.dll+0x3e9bd1]
C  [jli.dll+0x527b]
C  [ucrtbase.dll+0x26c0c]
C  [KERNEL32.DLL+0x153e0]
C  [ntdll.dll+0x485b]


---------------  P R O C E S S  ---------------

Threads class SMR info:
_java_thread_list=0x00007ffd6ec77818, length=0, elements={
}

Java Threads: ( => current thread )

Other Threads:
  0x000001a38ec75560 GCTaskThread "GC Thread#0" [stack: 0x000000826f800000,0x000000826f900000] [id=10044]
  0x000001a38ec86030 ConcurrentGCThread "G1 Main Marker" [stack: 0x000000826f900000,0x000000826fa00000] [id=7036]
  0x000001a38ec86940 ConcurrentGCThread "G1 Conc#0" [stack: 0x000000826fa00000,0x000000826fb00000] [id=17372]

[error occurred during error reporting (printing all threads), id 0xc0000005, EXCEPTION_ACCESS_VIOLATION (0xc0000005) at pc=0x00007ffd6e4c84b7]

VM state: not at safepoint (not fully initialized)

VM Mutex/Monitor currently owned by a thread:  ([mutex/lock_event])
[0x000001a38ec21e30] Heap_lock - owner thread: 0x000001a38ec24f00

Heap address: 0x0000000703600000, size: 4042 MB, Compressed Oops mode: Zero based, Oop shift amount: 3

CDS archive(s) mapped at: [0x0000000000000000-0x0000000000000000-0x0000000000000000), size 0, SharedBaseAddress: 0x0000000800000000, ArchiveRelocationMode: 0.
Narrow klass base: 0x0000000000000000, Narrow klass shift: 0, Narrow klass range: 0x0

GC Precious Log:
<Empty>

Heap:
 garbage-first heap   total 0K, used 0K [0x0000000703600000, 0x0000000800000000)
  region size 2048K, 0 young (0K), 0 survivors (0K)

[error occurred during error reporting (printing heap information), id 0xc0000005, EXCEPTION_ACCESS_VIOLATION (0xc0000005) at pc=0x00007ffd6e8a8d89]

GC Heap History (0 events):
No events

Deoptimization events (0 events):
No events

Classes unloaded (0 events):
No events

Classes redefined (0 events):
No events

Internal exceptions (0 events):
No events

VM Operations (0 events):
No events

Events (1 events):
Event: 0.007 Loaded shared library C:\Users\Rahma\.jdks\openjdk-17.0.1\bin\java.dll


Dynamic libraries:
0x00007ff649ea0000 - 0x00007ff649eae000 	C:\Users\Rahma\.jdks\openjdk-17.0.1\bin\java.exe
0x00007ffdc3440000 - 0x00007ffdc3649000 	C:\WINDOWS\SYSTEM32\ntdll.dll
0x00007ffdc23d0000 - 0x00007ffdc248d000 	C:\WINDOWS\System32\KERNEL32.DLL
0x00007ffdc0d20000 - 0x00007ffdc10a4000 	C:\WINDOWS\System32\KERNELBASE.dll
0x00007ffdc09c0000 - 0x00007ffdc0ad1000 	C:\WINDOWS\System32\ucrtbase.dll
0x00007ffda5770000 - 0x00007ffda5788000 	C:\Users\Rahma\.jdks\openjdk-17.0.1\bin\jli.dll
0x00007ffda5170000 - 0x00007ffda518a000 	C:\Users\Rahma\.jdks\openjdk-17.0.1\bin\VCRUNTIME140.dll
0x00007ffdc1ed0000 - 0x00007ffdc207d000 	C:\WINDOWS\System32\USER32.dll
0x00007ffdc0cf0000 - 0x00007ffdc0d16000 	C:\WINDOWS\System32\win32u.dll
0x00007ffda6470000 - 0x00007ffda6715000 	C:\WINDOWS\WinSxS\amd64_microsoft.windows.common-controls_6595b64144ccf1df_6.0.22000.120_none_9d947278b86cc467\COMCTL32.dll
0x00007ffdc29f0000 - 0x00007ffdc2a93000 	C:\WINDOWS\System32\msvcrt.dll
0x00007ffdc1cf0000 - 0x00007ffdc1d1a000 	C:\WINDOWS\System32\GDI32.dll
0x00007ffdc1170000 - 0x00007ffdc128e000 	C:\WINDOWS\System32\gdi32full.dll
0x00007ffdc0c50000 - 0x00007ffdc0ced000 	C:\WINDOWS\System32\msvcp_win.dll
0x00007ffdc1da0000 - 0x00007ffdc1dd1000 	C:\WINDOWS\System32\IMM32.DLL
0x00007ffda5160000 - 0x00007ffda516c000 	C:\Users\Rahma\.jdks\openjdk-17.0.1\bin\vcruntime140_1.dll
0x00007ffd8c340000 - 0x00007ffd8c3cd000 	C:\Users\Rahma\.jdks\openjdk-17.0.1\bin\msvcp140.dll
0x00007ffd6e1e0000 - 0x00007ffd6ed9e000 	C:\Users\Rahma\.jdks\openjdk-17.0.1\bin\server\jvm.dll
0x00007ffdc2aa0000 - 0x00007ffdc2b4e000 	C:\WINDOWS\System32\ADVAPI32.dll
0x00007ffdc2330000 - 0x00007ffdc23ce000 	C:\WINDOWS\System32\sechost.dll
0x00007ffdc2080000 - 0x00007ffdc21a1000 	C:\WINDOWS\System32\RPCRT4.dll
0x00007ffdc2b50000 - 0x00007ffdc2b58000 	C:\WINDOWS\System32\PSAPI.DLL
0x00007ffdba1b0000 - 0x00007ffdba1b9000 	C:\WINDOWS\SYSTEM32\WSOCK32.dll
0x00007ffdb8c70000 - 0x00007ffdb8c7a000 	C:\WINDOWS\SYSTEM32\VERSION.dll
0x00007ffdbac40000 - 0x00007ffdbac73000 	C:\WINDOWS\SYSTEM32\WINMM.dll
0x00007ffdc1d30000 - 0x00007ffdc1d9f000 	C:\WINDOWS\System32\WS2_32.dll
0x00007ffdbfa30000 - 0x00007ffdbfa48000 	C:\WINDOWS\SYSTEM32\kernel.appcore.dll
0x00007ffda50e0000 - 0x00007ffda50ea000 	C:\Users\Rahma\.jdks\openjdk-17.0.1\bin\jimage.dll
0x00007ffdbe2c0000 - 0x00007ffdbe4e1000 	C:\WINDOWS\SYSTEM32\DBGHELP.DLL
0x00007ffda8960000 - 0x00007ffda8991000 	C:\WINDOWS\SYSTEM32\dbgcore.DLL
0x00007ffdc0940000 - 0x00007ffdc09bf000 	C:\WINDOWS\System32\bcryptPrimitives.dll
0x00007ffda1450000 - 0x00007ffda1475000 	C:\Users\Rahma\.jdks\openjdk-17.0.1\bin\java.dll

dbghelp: loaded successfully - version: 4.0.5 - missing functions: none
symbol engine: initialized successfully - sym options: 0x614 - pdb path: .;C:\Users\Rahma\.jdks\openjdk-17.0.1\bin;C:\WINDOWS\SYSTEM32;C:\WINDOWS\WinSxS\amd64_microsoft.windows.common-controls_6595b64144ccf1df_6.0.22000.120_none_9d947278b86cc467;C:\Users\Rahma\.jdks\openjdk-17.0.1\bin\server

VM Arguments:
jvm_args: -Dnet.bytebuddy.agent.attacher.dump= 
java_command: net.bytebuddy.agent.Attacher com.sun.tools.attach.VirtualMachine 16520 C:\Users\Rahma\.m2\repository\net\bytebuddy\byte-buddy-agent\1.14.8\byte-buddy-agent-1.14.8.jar false 
java_class_path (initial): C:\Users\Rahma\.m2\repository\net\bytebuddy\byte-buddy-agent\1.14.8\byte-buddy-agent-1.14.8.jar
Launcher Type: SUN_STANDARD

[Global flags]
     intx CICompilerCount                          = 4                                         {product} {ergonomic}
     uint ConcGCThreads                            = 3                                         {product} {ergonomic}
     uint G1ConcRefinementThreads                  = 10                                        {product} {ergonomic}
   size_t G1HeapRegionSize                         = 2097152                                   {product} {ergonomic}
    uintx GCDrainStackTargetSize                   = 64                                        {product} {ergonomic}
   size_t InitialHeapSize                          = 266338304                                 {product} {ergonomic}
   size_t MarkStackSize                            = 4194304                                   {product} {ergonomic}
   size_t MaxHeapSize                              = 4238344192                                {product} {ergonomic}
   size_t MinHeapDeltaBytes                        = 2097152                                   {product} {ergonomic}
   size_t MinHeapSize                              = 8388608                                   {product} {ergonomic}
    uintx NonNMethodCodeHeapSize                   = 5839372                                {pd product} {ergonomic}
    uintx NonProfiledCodeHeapSize                  = 122909434                              {pd product} {ergonomic}
    uintx ProfiledCodeHeapSize                     = 122909434                              {pd product} {ergonomic}
    uintx ReservedCodeCacheSize                    = 251658240                              {pd product} {ergonomic}
     bool SegmentedCodeCache                       = true                                      {product} {ergonomic}
   size_t SoftMaxHeapSize                          = 4238344192                             {manageable} {ergonomic}
     bool UseCompressedClassPointers               = true                           {product lp64_product} {ergonomic}
     bool UseCompressedOops                        = true                           {product lp64_product} {ergonomic}
     bool UseG1GC                                  = true                                      {product} {ergonomic}
     bool UseLargePagesIndividualAllocation        = false                                  {pd product} {ergonomic}

Logging:
Log output configuration:
 #0: stdout all=warning uptime,level,tags
 #1: stderr all=off uptime,level,tags

Environment Variables:
JAVA_HOME=C:\Program Files\Java\jdk-14.0.1
PATH=C:\Program Files\dotnet;C:\Program Files\Common Files\Oracle\Java\javapath;C:\Program Files\Microsoft MPI\Bin\;C:\oraclexe\app\oracle\product\10.2.0\server\bin;C:\Program Files (x86)\Common Files\Oracle\Java\javapath;C:\Program Files (x86)\VMware\VMware Workstation\bin\;C:\ProgramData\Oracle\Java\javapath;C:\windows\system32;C:\windows;C:\windows\System32\Wbem;C:\windows\System32\WindowsPowerShell\v1.0\;C:\windows\System32\OpenSSH\;C:\Program Files (x86)\NVIDIA Corporation\PhysX\Common;C:\Program Files\NVIDIA Corporation\NVIDIA NvDLISR;C:\Program Files\PuTTY\;C:\WINDOWS\system32;C:\WINDOWS;C:\WINDOWS\System32\Wbem;C:\WINDOWS\System32\WindowsPowerShell\v1.0\;C:\WINDOWS\System32\OpenSSH\;C:\Program Files\Git\cmd;C:\Program Files\Microsoft SQL Server\150\Tools\Binn\;C:\Program Files\Java\jdk-14.0.1\bin;C:\ProgramData\Microsoft\Windows\Start Menu\Programs\XAMPP;C:\xampp\php;C:\ProgramData\ComposerSetup\bin;C:\Program Files\php-8.1.16;C:\xampp\php-8.1.16;C:\Program Files\Microsoft SQL Server\130\Tools\Binn\;C:\Program Files\Docker\Docker\resources\bin;C:\Program Files\nodejs\;C:\Program Files\Microsoft SQL Server\Client SDK\ODBC\170\Tools\Binn\;C:\Program Files (x86)\Microsoft SQL Server\110\DTS\Binn\;C:\Program Files (x86)\Microsoft SQL Server\110\Tools\Binn\;C:\Program Files (x86)\Microsoft SQL Server\110\Tools\Binn\ManagementStudio\;C:\Program Files (x86)\Microsoft Visual Studio 10.0\Common7\IDE\PrivateAssemblies\;C:\Program Files\TortoiseGit\bin;C:\Users\Rahma\AppData\Roaming\npm;C:\Users\Rahma\AppData\Roaming\npm\ng;C:\Program Files\Vagrant\bin;C:\Program Files\dotnet;C:\Program Files\Common Files\Oracle\Java\javapath;C:\Program Files\Microsoft MPI\Bin\;C:\oraclexe\app\oracle\product\10.2.0\server\bin;C:\Program Files (x86)\Common Files\Oracle\Java\javapath;C:\Program Files (x86)\VMware\VMware Workstation\bin\;C:\ProgramData\Oracle\Java\javapath;C:\windows\system32;C:\windows;C:\windows\System32\Wbem;C:\windows\System32\WindowsPowerShell\v1.0\;C:\windows\System32\
USERNAME=Rahma
OS=Windows_NT
PROCESSOR_IDENTIFIER=Intel64 Family 6 Model 165 Stepping 2, GenuineIntel



---------------  S Y S T E M  ---------------

OS:
 Windows 10 , 64 bit Build 22000 (10.0.22000.2538)
OS uptime: 0 days 7:59 hours
Hyper-V role detected

CPU: total 12 (initial active 12) (6 cores per cpu, 2 threads per core) family 6 model 165 stepping 2 microcode 0xf0, cx8, cmov, fxsr, ht, mmx, 3dnowpref, sse, sse2, sse3, ssse3, sse4.1, sse4.2, popcnt, lzcnt, tsc, tscinvbit, avx, avx2, aes, erms, clmul, bmi1, bmi2, adx, fma, vzeroupper, clflush, clflushopt, hv

Memory: 4k page, system-wide physical 16160M (2924M free)
TotalPageFile size 23598M (AvailPageFile size 160M)
current process WorkingSet (physical memory assigned to process): 11M, peak: 11M
current process commit charge ("private bytes"): 64M, peak: 318M

vm_info: OpenJDK 64-Bit Server VM (17.0.1+12-39) for windows-amd64 JRE (17.0.1+12-39), built on Sep 27 2021 18:39:29 by "mach5one" with MS VC++ 16.8 (VS2019)

END.
